{"/Users/ashishk/code/topic-node/postify-app-with-tdd/constants.js": {"path":"/Users/ashishk/code/topic-node/postify-app-with-tdd/constants.js","statementMap":{"0":{"start":{"line":1,"column":18},"end":{"line":5,"column":1}},"1":{"start":{"line":7,"column":26},"end":{"line":11,"column":1}},"2":{"start":{"line":13,"column":0},"end":{"line":16,"column":1}}},"fnMap":{},"branchMap":{},"s":{"0":1,"1":1,"2":1},"f":{},"b":{},"_coverageSchema":"1a1c01bbd47fc00a2c39e90264f33305004495a9","hash":"6e27d048f849ca985048d9a535e20e5164200dd4"}
,"/Users/ashishk/code/topic-node/postify-app-with-tdd/src/app.js": {"path":"/Users/ashishk/code/topic-node/postify-app-with-tdd/src/app.js","statementMap":{"0":{"start":{"line":1,"column":16},"end":{"line":1,"column":34}},"1":{"start":{"line":2,"column":22},"end":{"line":2,"column":45}},"2":{"start":{"line":5,"column":12},"end":{"line":5,"column":35}},"3":{"start":{"line":7,"column":12},"end":{"line":7,"column":21}},"4":{"start":{"line":10,"column":0},"end":{"line":10,"column":23}},"5":{"start":{"line":13,"column":0},"end":{"line":13,"column":30}},"6":{"start":{"line":15,"column":0},"end":{"line":15,"column":20}}},"fnMap":{},"branchMap":{},"s":{"0":1,"1":1,"2":1,"3":1,"4":1,"5":1,"6":1},"f":{},"b":{},"_coverageSchema":"1a1c01bbd47fc00a2c39e90264f33305004495a9","hash":"68af0d9f26c687a7a18a05711bf98b5eb99e2313"}
,"/Users/ashishk/code/topic-node/postify-app-with-tdd/src/config/db-config.js": {"path":"/Users/ashishk/code/topic-node/postify-app-with-tdd/src/config/db-config.js","statementMap":{"0":{"start":{"line":1,"column":18},"end":{"line":1,"column":38}},"1":{"start":{"line":3,"column":18},"end":{"line":3,"column":49}},"2":{"start":{"line":5,"column":18},"end":{"line":9,"column":2}},"3":{"start":{"line":11,"column":0},"end":{"line":11,"column":26}}},"fnMap":{},"branchMap":{"0":{"loc":{"start":{"line":7,"column":11},"end":{"line":7,"column":49}},"type":"cond-expr","locations":[{"start":{"line":7,"column":23},"end":{"line":7,"column":33}},{"start":{"line":7,"column":36},"end":{"line":7,"column":49}}],"line":7}},"s":{"0":1,"1":1,"2":1,"3":1},"f":{},"b":{"0":[1,0]},"_coverageSchema":"1a1c01bbd47fc00a2c39e90264f33305004495a9","hash":"77fbffc65e2c402e6b6fa44d1560a0b1b30f8883"}
,"/Users/ashishk/code/topic-node/postify-app-with-tdd/src/models/User/User.model.js": {"path":"/Users/ashishk/code/topic-node/postify-app-with-tdd/src/models/User/User.model.js","statementMap":{"0":{"start":{"line":1,"column":18},"end":{"line":1,"column":38}},"1":{"start":{"line":3,"column":18},"end":{"line":3,"column":51}},"2":{"start":{"line":6,"column":14},"end":{"line":6,"column":29}},"3":{"start":{"line":10,"column":0},"end":{"line":25,"column":1}},"4":{"start":{"line":27,"column":0},"end":{"line":27,"column":21}}},"fnMap":{},"branchMap":{},"s":{"0":1,"1":1,"2":1,"3":1,"4":1},"f":{},"b":{},"_coverageSchema":"1a1c01bbd47fc00a2c39e90264f33305004495a9","hash":"e4669104f459db14fc5c8dd19b9a8b7500efc7ad"}
}
