{"/Users/ashishk/code/topic-node/postify-app-with-tdd/constants.js": {"path":"/Users/ashishk/code/topic-node/postify-app-with-tdd/constants.js","statementMap":{"0":{"start":{"line":1,"column":18},"end":{"line":5,"column":1}},"1":{"start":{"line":7,"column":26},"end":{"line":11,"column":1}},"2":{"start":{"line":13,"column":0},"end":{"line":16,"column":1}}},"fnMap":{},"branchMap":{},"s":{"0":1,"1":1,"2":1},"f":{},"b":{},"_coverageSchema":"1a1c01bbd47fc00a2c39e90264f33305004495a9","hash":"6e27d048f849ca985048d9a535e20e5164200dd4"}
,"/Users/ashishk/code/topic-node/postify-app-with-tdd/src/app.js": {"path":"/Users/ashishk/code/topic-node/postify-app-with-tdd/src/app.js","statementMap":{"0":{"start":{"line":1,"column":16},"end":{"line":1,"column":34}},"1":{"start":{"line":2,"column":22},"end":{"line":2,"column":45}},"2":{"start":{"line":5,"column":12},"end":{"line":5,"column":35}},"3":{"start":{"line":7,"column":12},"end":{"line":7,"column":21}},"4":{"start":{"line":10,"column":0},"end":{"line":10,"column":23}},"5":{"start":{"line":13,"column":0},"end":{"line":13,"column":30}},"6":{"start":{"line":15,"column":0},"end":{"line":15,"column":20}}},"fnMap":{},"branchMap":{},"s":{"0":1,"1":1,"2":1,"3":1,"4":1,"5":1,"6":1},"f":{},"b":{},"_coverageSchema":"1a1c01bbd47fc00a2c39e90264f33305004495a9","hash":"68af0d9f26c687a7a18a05711bf98b5eb99e2313"}
,"/Users/ashishk/code/topic-node/postify-app-with-tdd/src/config/db-config.js": {"path":"/Users/ashishk/code/topic-node/postify-app-with-tdd/src/config/db-config.js","statementMap":{"0":{"start":{"line":1,"column":18},"end":{"line":1,"column":38}},"1":{"start":{"line":3,"column":18},"end":{"line":7,"column":2}},"2":{"start":{"line":9,"column":0},"end":{"line":9,"column":26}}},"fnMap":{},"branchMap":{},"s":{"0":1,"1":1,"2":1},"f":{},"b":{},"_coverageSchema":"1a1c01bbd47fc00a2c39e90264f33305004495a9","hash":"c0bf7b1fc4516c140d8943536bbe12397230f276"}
,"/Users/ashishk/code/topic-node/postify-app-with-tdd/src/models/User/User.model.js": {"path":"/Users/ashishk/code/topic-node/postify-app-with-tdd/src/models/User/User.model.js","statementMap":{"0":{"start":{"line":1,"column":18},"end":{"line":1,"column":38}},"1":{"start":{"line":3,"column":18},"end":{"line":3,"column":51}},"2":{"start":{"line":6,"column":14},"end":{"line":6,"column":29}},"3":{"start":{"line":10,"column":0},"end":{"line":25,"column":1}},"4":{"start":{"line":27,"column":0},"end":{"line":27,"column":21}}},"fnMap":{},"branchMap":{},"s":{"0":1,"1":1,"2":1,"3":1,"4":1},"f":{},"b":{},"_coverageSchema":"1a1c01bbd47fc00a2c39e90264f33305004495a9","hash":"e4669104f459db14fc5c8dd19b9a8b7500efc7ad"}
,"/Users/ashishk/code/topic-node/postify-app-with-tdd/src/routes/api.js": {"path":"/Users/ashishk/code/topic-node/postify-app-with-tdd/src/routes/api.js","statementMap":{"0":{"start":{"line":1,"column":16},"end":{"line":1,"column":34}},"1":{"start":{"line":3,"column":22},"end":{"line":3,"column":48}},"2":{"start":{"line":6,"column":20},"end":{"line":6,"column":51}},"3":{"start":{"line":8,"column":12},"end":{"line":8,"column":28}},"4":{"start":{"line":11,"column":0},"end":{"line":11,"column":37}},"5":{"start":{"line":13,"column":0},"end":{"line":13,"column":20}}},"fnMap":{},"branchMap":{},"s":{"0":1,"1":1,"2":1,"3":1,"4":1,"5":1},"f":{},"b":{},"_coverageSchema":"1a1c01bbd47fc00a2c39e90264f33305004495a9","hash":"ec51dfefc1518fd65ba6cadaf0fb062d6aed36a7"}
,"/Users/ashishk/code/topic-node/postify-app-with-tdd/src/routes/users/users.router.js": {"path":"/Users/ashishk/code/topic-node/postify-app-with-tdd/src/routes/users/users.router.js","statementMap":{"0":{"start":{"line":1,"column":16},"end":{"line":1,"column":34}},"1":{"start":{"line":2,"column":24},"end":{"line":2,"column":52}},"2":{"start":{"line":3,"column":15},"end":{"line":3,"column":32}},"3":{"start":{"line":5,"column":41},"end":{"line":5,"column":70}},"4":{"start":{"line":6,"column":13},"end":{"line":6,"column":52}},"5":{"start":{"line":8,"column":15},"end":{"line":8,"column":31}},"6":{"start":{"line":11,"column":0},"end":{"line":13,"column":2}},"7":{"start":{"line":12,"column":2},"end":{"line":12,"column":36}},"8":{"start":{"line":15,"column":0},"end":{"line":40,"column":2}},"9":{"start":{"line":16,"column":30},"end":{"line":16,"column":38}},"10":{"start":{"line":19,"column":2},"end":{"line":23,"column":3}},"11":{"start":{"line":20,"column":4},"end":{"line":22,"column":6}},"12":{"start":{"line":25,"column":2},"end":{"line":39,"column":3}},"13":{"start":{"line":27,"column":21},"end":{"line":27,"column":52}},"14":{"start":{"line":29,"column":24},"end":{"line":29,"column":62}},"15":{"start":{"line":31,"column":4},"end":{"line":34,"column":6}},"16":{"start":{"line":36,"column":4},"end":{"line":38,"column":6}},"17":{"start":{"line":42,"column":0},"end":{"line":42,"column":23}}},"fnMap":{"0":{"name":"(anonymous_0)","decl":{"start":{"line":11,"column":16},"end":{"line":11,"column":17}},"loc":{"start":{"line":11,"column":30},"end":{"line":13,"column":1}},"line":11},"1":{"name":"(anonymous_1)","decl":{"start":{"line":15,"column":32},"end":{"line":15,"column":33}},"loc":{"start":{"line":15,"column":52},"end":{"line":40,"column":1}},"line":15}},"branchMap":{"0":{"loc":{"start":{"line":19,"column":2},"end":{"line":23,"column":3}},"type":"if","locations":[{"start":{"line":19,"column":2},"end":{"line":23,"column":3}},{"start":{},"end":{}}],"line":19},"1":{"loc":{"start":{"line":19,"column":6},"end":{"line":19,"column":25}},"type":"binary-expr","locations":[{"start":{"line":19,"column":6},"end":{"line":19,"column":12}},{"start":{"line":19,"column":16},"end":{"line":19,"column":25}}],"line":19}},"s":{"0":1,"1":1,"2":1,"3":1,"4":1,"5":1,"6":1,"7":0,"8":1,"9":5,"10":5,"11":0,"12":5,"13":5,"14":5,"15":5,"16":0,"17":1},"f":{"0":0,"1":5},"b":{"0":[0,5],"1":[5,5]},"_coverageSchema":"1a1c01bbd47fc00a2c39e90264f33305004495a9","hash":"7213c360e291115420f455150e05eba4a4cc2158"}
}
